<?xml version="1.0" encoding="UTF-8" ?>
<testsuite tests="8" failures="0" name="com.revature.dao.ModelDAOTest" time="11.217" errors="0" skipped="0">
  <properties>
[...]
</properties>
  <testcase classname="com.revature.dao.ModelDAOTest" name="test_selectAll_withAnInputInDB" time="3.47"/>
  <testcase classname="com.revature.dao.ModelDAOTest" name="test_selectSome_withAnInputInDB" time="1.133"/>
  <testcase classname="com.revature.dao.ModelDAOTest" name="test_insert_withClassWithSerialPrimaryKey" time="1.054"/>
  <testcase classname="com.revature.dao.ModelDAOTest" name="test_delete" time="1.247"/>
  <testcase classname="com.revature.dao.ModelDAOTest" name="test_selectAll_withAnInputNotInDB" time="0.953"/>
  <testcase classname="com.revature.dao.ModelDAOTest" name="test_update" time="1.397"/>
  <testcase classname="com.revature.dao.ModelDAOTest" name="test_selectSome_withAnInputNotInDB" time="0.943"/>
  <testcase classname="com.revature.dao.ModelDAOTest" name="test_insert_withClassWithNonSerialPrimaryKey" time="1.02"/>
</testsuite>